
> frontend@0.1.0 dev
> next dev --turbopack

   ▲ Next.js 15.4.5 (Turbopack)
   - Local:        http://localhost:3000
   - Network:      http://192.168.0.52:3000
   - Environments: .env.local

 ✓ Starting...
 ✓ Compiled middleware in 180ms
 ✓ Ready in 1517ms
 ○ Compiling / ...
 ✓ Compiled / in 4.7s
 GET / 200 in 5612ms
 GET / 200 in 171ms
 ○ Compiling /cases ...
 ✓ Compiled /cases in 780ms
 GET /cases 200 in 1184ms
 ○ Compiling /cases/[id] ...
 ✓ Compiled /cases/[id] in 1433ms
 GET /cases/11 200 in 2488ms
 ✓ Compiled in 392ms
 GET /cases/11 200 in 1004ms
 GET / 200 in 163ms
 ○ Compiling /favicon.ico ...
 ✓ Compiled /favicon.ico in 837ms
 GET /favicon.ico 200 in 1132ms
 GET / 200 in 262ms
 GET /favicon.ico 200 in 617ms
 ○ Compiling /cases/new ...
 GET /cases 200 in 180ms
 ✓ Compiled /cases/new in 2.8s
 GET /cases/new 200 in 2930ms
 GET /cases/11 200 in 95ms
 ○ Compiling /_not-found/page ...
 ✓ Compiled /_not-found/page in 538ms
 GET /cases/11/edit 404 in 668ms
 GET /cases/11/edit 404 in 261ms
 GET /cases/11 200 in 929ms
 GET /cases 200 in 80ms
 GET /users 404 in 86ms
 GET /users 404 in 336ms
 GET /favicon.ico 200 in 471ms
 GET /settings 404 in 195ms
 GET /settings 404 in 322ms
 GET /favicon.ico 200 in 322ms
 GET /users 404 in 177ms
 GET /users 404 in 195ms
 GET /cases 200 in 211ms
 GET /cases/new 200 in 61ms
 GET / 200 in 62ms
 GET /cases 200 in 47ms
 GET / 200 in 63ms
 GET /profile 404 in 53ms
 GET /profile 404 in 147ms
 GET / 200 in 110ms
 GET /settings 404 in 47ms
 GET /settings 404 in 112ms
 GET / 200 in 105ms
 GET /profile 404 in 259ms
 GET /profile 404 in 550ms
 GET / 200 in 91ms
 GET /cases/11 200 in 123ms
 GET / 200 in 112ms
 ✓ Compiled middleware in 3ms
 GET /cases/11 200 in 622ms
 GET / 200 in 628ms
 ✓ Compiled middleware in 8ms
 GET / 200 in 547ms
 GET /cases/11 200 in 547ms
 GET / 200 in 352ms
 GET /cases/11 200 in 346ms
 GET /cases/new 200 in 87ms
 GET /cases 200 in 113ms
 GET /cases 200 in 138ms
 GET /cases/11 200 in 95ms
 GET /cases/11/edit 404 in 103ms
 GET /cases/11/edit 404 in 712ms
 GET / 200 in 48ms
 ✓ Compiled middleware in 3ms
 GET /cases/11 200 in 338ms
 GET / 200 in 355ms
 GET /cases 200 in 189ms
 GET /cases/11 200 in 60ms
 ○ Compiling /users ...
 ✓ Compiled /users in 1363ms
 GET /users 200 in 2189ms
 GET /cases 200 in 165ms
 GET /cases/8 200 in 554ms
 GET /cases 200 in 51ms
 GET /cases/7 200 in 54ms
 GET /cases 200 in 41ms
 ○ Compiling /settings ...
 ✓ Compiled /settings in 653ms
 GET /settings 200 in 1246ms
 GET /settings 200 in 211ms
 GET /users 200 in 143ms
 GET /cases 200 in 49ms
 ○ Compiling /cases/[id]/edit ...
 ✓ Compiled /cases/[id]/edit in 1104ms
 GET /cases/11/edit 200 in 2159ms
 GET /favicon.ico 200 in 636ms
 GET / 200 in 155ms
 GET / 200 in 172ms
 GET /favicon.ico 200 in 686ms
 GET / 200 in 187ms
 ○ Compiling /login ...
 ✓ Compiled /login in 624ms
 GET /login 200 in 965ms
 GET /favicon.ico 200 in 308ms
 GET /login 200 in 336ms
 ✓ Compiled in 669ms
 ✓ Compiled in 519ms
 GET / 200 in 278ms
 GET /login 200 in 426ms
 ✓ Compiled in 283ms
 GET / 200 in 789ms
 GET / 200 in 429ms
 GET /login 200 in 318ms
 GET / 200 in 202ms
 GET / 200 in 399ms
 GET /login 200 in 623ms
 GET /login 200 in 664ms
 GET /favicon.ico 200 in 692ms
 GET / 200 in 153ms
 GET / 200 in 279ms
 GET /cases 200 in 136ms
 GET /cases/13 200 in 93ms
 GET /cases 200 in 65ms
 GET /cases/new 200 in 217ms
 GET /cases 200 in 291ms
 GET /cases/14 200 in 76ms
 GET /cases/14/edit 200 in 80ms
 GET /cases/14 200 in 56ms
 GET /cases 200 in 54ms
 GET / 200 in 123ms
 GET /cases 200 in 66ms
 GET / 200 in 190ms
 GET /cases 200 in 67ms
 GET /cases/new 200 in 52ms
 GET /cases 200 in 131ms
 GET /login 200 in 98ms
 GET / 200 in 321ms
 GET / 200 in 224ms
 GET /cases 200 in 86ms
 GET / 200 in 85ms
 GET /login 200 in 102ms
 GET / 200 in 128ms
 GET / 200 in 177ms
 GET /cases 200 in 84ms
 GET /cases/15 200 in 241ms
 GET /cases/15 200 in 481ms
 GET /favicon.ico 200 in 624ms
 GET /users 200 in 188ms
 GET / 200 in 74ms
 GET /cases 200 in 46ms
 GET /cases/new 200 in 52ms
 GET /cases 200 in 73ms
 GET /cases/16 200 in 71ms
 GET /cases/16/edit 200 in 53ms
 GET /cases/16 200 in 48ms
 GET / 200 in 704ms
 GET / 200 in 868ms
 GET / 200 in 101ms
 GET /favicon.ico 200 in 1235ms
 GET / 200 in 662ms
 GET /favicon.ico 200 in 839ms
 GET / 200 in 532ms
 GET /favicon.ico 200 in 923ms
 GET / 200 in 206ms
 GET /favicon.ico 200 in 1035ms
